<?xml version="1.0" encoding="UTF-8" ?>
<testsuite failures="0" time="0.218" errors="1" skipped="0" tests="1" name="com.mkyong.AppTest">
  <properties>
    <property name="java.runtime.name" value="Java(TM) SE Runtime Environment"/>
    <property name="sun.boot.library.path" value="C:\KazanStudio\java6\jre\bin"/>
    <property name="java.vm.version" value="19.1-b02"/>
    <property name="java.vm.vendor" value="Sun Microsystems Inc."/>
    <property name="java.vendor.url" value="http://java.sun.com/"/>
    <property name="path.separator" value=";"/>
    <property name="java.vm.name" value="Java HotSpot(TM) 64-Bit Server VM"/>
    <property name="file.encoding.pkg" value="sun.io"/>
    <property name="user.country" value="FR"/>
    <property name="sun.java.launcher" value="SUN_STANDARD"/>
    <property name="sun.os.patch.level" value="Service Pack 1"/>
    <property name="java.vm.specification.name" value="Java Virtual Machine Specification"/>
    <property name="user.dir" value="D:\projects\UJMTest\SpringBatchExample3"/>
    <property name="java.runtime.version" value="1.6.0_24-b07"/>
    <property name="java.awt.graphicsenv" value="sun.awt.Win32GraphicsEnvironment"/>
    <property name="basedir" value="D:\projects\UJMTest\SpringBatchExample3"/>
    <property name="java.endorsed.dirs" value="C:\KazanStudio\java6\jre\lib\endorsed"/>
    <property name="os.arch" value="amd64"/>
    <property name="surefire.real.class.path" value="D:\projects\UJMTest\SpringBatchExample3\target\surefire\surefirebooter4169524262415642021.jar"/>
    <property name="java.io.tmpdir" value="C:\Utilisateurs\a548104\AppData\Local\Temp\"/>
    <property name="line.separator" value="
"/>
    <property name="java.vm.specification.vendor" value="Sun Microsystems Inc."/>
    <property name="user.variant" value=""/>
    <property name="os.name" value="Windows 7"/>
    <property name="sun.jnu.encoding" value="Cp1252"/>
    <property name="java.library.path" value="C:\KazanStudio\java6\jre\bin;.;C:\Windows\Sun\Java\bin;C:\Windows\system32;C:\Windows;C:\Program Files (x86)\RSA SecurID Token Common;C:\Windows\system32;C:\Windows;C:\Windows\System32\Wbem;C:\Windows\System32\WindowsPowerShell\v1.0\"/>
    <property name="surefire.test.class.path" value="D:\projects\UJMTest\SpringBatchExample3\target\test-classes;D:\projects\UJMTest\SpringBatchExample3\target\classes;C:\Utilisateurs\a548104\.m2\repository\javax\xml\bind\jaxb-api\2.1\jaxb-api-2.1.jar;C:\Utilisateurs\a548104\.m2\repository\javax\xml\stream\stax-api\1.0-2\stax-api-1.0-2.jar;C:\Utilisateurs\a548104\.m2\repository\javax\activation\activation\1.1\activation-1.1.jar;C:\Utilisateurs\a548104\.m2\repository\org\springframework\spring-core\3.2.2.RELEASE\spring-core-3.2.2.RELEASE.jar;C:\Utilisateurs\a548104\.m2\repository\commons-logging\commons-logging\1.1.1\commons-logging-1.1.1.jar;C:\Utilisateurs\a548104\.m2\repository\org\springframework\spring-oxm\3.2.2.RELEASE\spring-oxm-3.2.2.RELEASE.jar;C:\Utilisateurs\a548104\.m2\repository\commons-lang\commons-lang\2.5\commons-lang-2.5.jar;C:\Utilisateurs\a548104\.m2\repository\org\springframework\spring-beans\3.2.2.RELEASE\spring-beans-3.2.2.RELEASE.jar;C:\Utilisateurs\a548104\.m2\repository\org\springframework\batch\spring-batch-core\2.2.0.RELEASE\spring-batch-core-2.2.0.RELEASE.jar;C:\Utilisateurs\a548104\.m2\repository\com\thoughtworks\xstream\xstream\1.3\xstream-1.3.jar;C:\Utilisateurs\a548104\.m2\repository\xpp3\xpp3_min\1.1.4c\xpp3_min-1.1.4c.jar;C:\Utilisateurs\a548104\.m2\repository\org\codehaus\jettison\jettison\1.1\jettison-1.1.jar;C:\Utilisateurs\a548104\.m2\repository\org\springframework\spring-aop\3.2.0.RELEASE\spring-aop-3.2.0.RELEASE.jar;C:\Utilisateurs\a548104\.m2\repository\org\springframework\spring-context\3.2.0.RELEASE\spring-context-3.2.0.RELEASE.jar;C:\Utilisateurs\a548104\.m2\repository\org\springframework\spring-expression\3.2.0.RELEASE\spring-expression-3.2.0.RELEASE.jar;C:\Utilisateurs\a548104\.m2\repository\org\springframework\spring-tx\3.2.0.RELEASE\spring-tx-3.2.0.RELEASE.jar;C:\Utilisateurs\a548104\.m2\repository\org\springframework\batch\spring-batch-infrastructure\2.2.0.RELEASE\spring-batch-infrastructure-2.2.0.RELEASE.jar;C:\Utilisateurs\a548104\.m2\repository\org\springframework\retry\spring-retry\1.0.2.RELEASE\spring-retry-1.0.2.RELEASE.jar;C:\Utilisateurs\a548104\.m2\repository\org\springframework\batch\spring-batch-test\2.2.0.RELEASE\spring-batch-test-2.2.0.RELEASE.jar;C:\Utilisateurs\a548104\.m2\repository\org\springframework\spring-test\3.2.0.RELEASE\spring-test-3.2.0.RELEASE.jar;C:\Utilisateurs\a548104\.m2\repository\org\springframework\spring-webmvc\3.2.0.RELEASE\spring-webmvc-3.2.0.RELEASE.jar;C:\Utilisateurs\a548104\.m2\repository\org\springframework\spring-jdbc\3.2.0.RELEASE\spring-jdbc-3.2.0.RELEASE.jar;C:\Utilisateurs\a548104\.m2\repository\commons-io\commons-io\1.4\commons-io-1.4.jar;C:\Utilisateurs\a548104\.m2\repository\commons-dbcp\commons-dbcp\1.2.2\commons-dbcp-1.2.2.jar;C:\Utilisateurs\a548104\.m2\repository\commons-pool\commons-pool\1.3\commons-pool-1.3.jar;C:\Utilisateurs\a548104\.m2\repository\commons-collections\commons-collections\3.2\commons-collections-3.2.jar;C:\Utilisateurs\a548104\.m2\repository\org\springframework\spring-web\3.2.2.RELEASE\spring-web-3.2.2.RELEASE.jar;C:\Utilisateurs\a548104\.m2\repository\aopalliance\aopalliance\1.0\aopalliance-1.0.jar;C:\Utilisateurs\a548104\.m2\repository\junit\junit\4.11\junit-4.11.jar;C:\Utilisateurs\a548104\.m2\repository\org\hamcrest\hamcrest-core\1.3\hamcrest-core-1.3.jar;C:\Utilisateurs\a548104\.m2\repository\c3p0\c3p0\0.9.1.2\c3p0-0.9.1.2.jar;C:\Utilisateurs\a548104\.m2\repository\mysql\mysql-connector-java\5.1.13\mysql-connector-java-5.1.13.jar;C:\Utilisateurs\a548104\.m2\repository\org\hibernate\javax\persistence\hibernate-jpa-2.1-api\1.0.0.Final\hibernate-jpa-2.1-api-1.0.0.Final.jar;C:\Utilisateurs\a548104\.m2\repository\com\mysema\querydsl\querydsl-core\2.3.2\querydsl-core-2.3.2.jar;C:\Utilisateurs\a548104\.m2\repository\net\sourceforge\collections\collections-generic\4.01\collections-generic-4.01.jar;C:\Utilisateurs\a548104\.m2\repository\org\apache\commons\commons-lang3\3.0.1\commons-lang3-3.0.1.jar;C:\Utilisateurs\a548104\.m2\repository\com\mysema\commons\mysema-commons-lang\0.2.2\mysema-commons-lang-0.2.2.jar;C:\Utilisateurs\a548104\.m2\repository\com\mysema\codegen\codegen\0.4.7\codegen-0.4.7.jar;C:\Utilisateurs\a548104\.m2\repository\net\sourceforge\findbugs\jsr305\1.3.2\jsr305-1.3.2.jar;C:\Utilisateurs\a548104\.m2\repository\net\sourceforge\findbugs\annotations\1.3.2\annotations-1.3.2.jar;C:\Utilisateurs\a548104\.m2\repository\javax\inject\javax.inject\1\javax.inject-1.jar;C:\Utilisateurs\a548104\.m2\repository\cglib\cglib\2.2\cglib-2.2.jar;C:\Utilisateurs\a548104\.m2\repository\asm\asm\3.1\asm-3.1.jar;C:\Utilisateurs\a548104\.m2\repository\com\mysema\querydsl\querydsl-apt\2.3.2\querydsl-apt-2.3.2.jar;C:\Utilisateurs\a548104\.m2\repository\com\mysema\querydsl\querydsl-jpa\2.3.2\querydsl-jpa-2.3.2.jar;C:\Utilisateurs\a548104\.m2\repository\org\hibernate\javax\persistence\hibernate-jpa-2.0-api\1.0.0.Final\hibernate-jpa-2.0-api-1.0.0.Final.jar;C:\Utilisateurs\a548104\.m2\repository\org\slf4j\slf4j-api\1.6.1\slf4j-api-1.6.1.jar;C:\Utilisateurs\a548104\.m2\repository\net\awl\genericdao\generic-dao\1.0.0\generic-dao-1.0.0.jar;C:\Utilisateurs\a548104\.m2\repository\org\springframework\spring-orm\3.0.5.RELEASE\spring-orm-3.0.5.RELEASE.jar;C:\Utilisateurs\a548104\.m2\repository\org\hibernate\hibernate-entitymanager\3.6.5.Final\hibernate-entitymanager-3.6.5.Final.jar;C:\Utilisateurs\a548104\.m2\repository\org\hibernate\hibernate-core\3.6.5.Final\hibernate-core-3.6.5.Final.jar;C:\Utilisateurs\a548104\.m2\repository\antlr\antlr\2.7.6\antlr-2.7.6.jar;C:\Utilisateurs\a548104\.m2\repository\dom4j\dom4j\1.6.1\dom4j-1.6.1.jar;C:\Utilisateurs\a548104\.m2\repository\org\hibernate\hibernate-commons-annotations\3.2.0.Final\hibernate-commons-annotations-3.2.0.Final.jar;C:\Utilisateurs\a548104\.m2\repository\javax\transaction\jta\1.1\jta-1.1.jar;C:\Utilisateurs\a548104\.m2\repository\javassist\javassist\3.12.0.GA\javassist-3.12.0.GA.jar;"/>
    <property name="java.specification.name" value="Java Platform API Specification"/>
    <property name="java.class.version" value="50.0"/>
    <property name="sun.management.compiler" value="HotSpot 64-Bit Server Compiler"/>
    <property name="os.version" value="6.1"/>
    <property name="user.home" value="C:\Utilisateurs\a548104"/>
    <property name="user.timezone" value="Europe/Paris"/>
    <property name="java.awt.printerjob" value="sun.awt.windows.WPrinterJob"/>
    <property name="java.specification.version" value="1.6"/>
    <property name="file.encoding" value="Cp1252"/>
    <property name="user.name" value="a548104"/>
    <property name="java.class.path" value="D:\projects\UJMTest\SpringBatchExample3\target\test-classes;D:\projects\UJMTest\SpringBatchExample3\target\classes;C:\Utilisateurs\a548104\.m2\repository\javax\xml\bind\jaxb-api\2.1\jaxb-api-2.1.jar;C:\Utilisateurs\a548104\.m2\repository\javax\xml\stream\stax-api\1.0-2\stax-api-1.0-2.jar;C:\Utilisateurs\a548104\.m2\repository\javax\activation\activation\1.1\activation-1.1.jar;C:\Utilisateurs\a548104\.m2\repository\org\springframework\spring-core\3.2.2.RELEASE\spring-core-3.2.2.RELEASE.jar;C:\Utilisateurs\a548104\.m2\repository\commons-logging\commons-logging\1.1.1\commons-logging-1.1.1.jar;C:\Utilisateurs\a548104\.m2\repository\org\springframework\spring-oxm\3.2.2.RELEASE\spring-oxm-3.2.2.RELEASE.jar;C:\Utilisateurs\a548104\.m2\repository\commons-lang\commons-lang\2.5\commons-lang-2.5.jar;C:\Utilisateurs\a548104\.m2\repository\org\springframework\spring-beans\3.2.2.RELEASE\spring-beans-3.2.2.RELEASE.jar;C:\Utilisateurs\a548104\.m2\repository\org\springframework\batch\spring-batch-core\2.2.0.RELEASE\spring-batch-core-2.2.0.RELEASE.jar;C:\Utilisateurs\a548104\.m2\repository\com\thoughtworks\xstream\xstream\1.3\xstream-1.3.jar;C:\Utilisateurs\a548104\.m2\repository\xpp3\xpp3_min\1.1.4c\xpp3_min-1.1.4c.jar;C:\Utilisateurs\a548104\.m2\repository\org\codehaus\jettison\jettison\1.1\jettison-1.1.jar;C:\Utilisateurs\a548104\.m2\repository\org\springframework\spring-aop\3.2.0.RELEASE\spring-aop-3.2.0.RELEASE.jar;C:\Utilisateurs\a548104\.m2\repository\org\springframework\spring-context\3.2.0.RELEASE\spring-context-3.2.0.RELEASE.jar;C:\Utilisateurs\a548104\.m2\repository\org\springframework\spring-expression\3.2.0.RELEASE\spring-expression-3.2.0.RELEASE.jar;C:\Utilisateurs\a548104\.m2\repository\org\springframework\spring-tx\3.2.0.RELEASE\spring-tx-3.2.0.RELEASE.jar;C:\Utilisateurs\a548104\.m2\repository\org\springframework\batch\spring-batch-infrastructure\2.2.0.RELEASE\spring-batch-infrastructure-2.2.0.RELEASE.jar;C:\Utilisateurs\a548104\.m2\repository\org\springframework\retry\spring-retry\1.0.2.RELEASE\spring-retry-1.0.2.RELEASE.jar;C:\Utilisateurs\a548104\.m2\repository\org\springframework\batch\spring-batch-test\2.2.0.RELEASE\spring-batch-test-2.2.0.RELEASE.jar;C:\Utilisateurs\a548104\.m2\repository\org\springframework\spring-test\3.2.0.RELEASE\spring-test-3.2.0.RELEASE.jar;C:\Utilisateurs\a548104\.m2\repository\org\springframework\spring-webmvc\3.2.0.RELEASE\spring-webmvc-3.2.0.RELEASE.jar;C:\Utilisateurs\a548104\.m2\repository\org\springframework\spring-jdbc\3.2.0.RELEASE\spring-jdbc-3.2.0.RELEASE.jar;C:\Utilisateurs\a548104\.m2\repository\commons-io\commons-io\1.4\commons-io-1.4.jar;C:\Utilisateurs\a548104\.m2\repository\commons-dbcp\commons-dbcp\1.2.2\commons-dbcp-1.2.2.jar;C:\Utilisateurs\a548104\.m2\repository\commons-pool\commons-pool\1.3\commons-pool-1.3.jar;C:\Utilisateurs\a548104\.m2\repository\commons-collections\commons-collections\3.2\commons-collections-3.2.jar;C:\Utilisateurs\a548104\.m2\repository\org\springframework\spring-web\3.2.2.RELEASE\spring-web-3.2.2.RELEASE.jar;C:\Utilisateurs\a548104\.m2\repository\aopalliance\aopalliance\1.0\aopalliance-1.0.jar;C:\Utilisateurs\a548104\.m2\repository\junit\junit\4.11\junit-4.11.jar;C:\Utilisateurs\a548104\.m2\repository\org\hamcrest\hamcrest-core\1.3\hamcrest-core-1.3.jar;C:\Utilisateurs\a548104\.m2\repository\c3p0\c3p0\0.9.1.2\c3p0-0.9.1.2.jar;C:\Utilisateurs\a548104\.m2\repository\mysql\mysql-connector-java\5.1.13\mysql-connector-java-5.1.13.jar;C:\Utilisateurs\a548104\.m2\repository\org\hibernate\javax\persistence\hibernate-jpa-2.1-api\1.0.0.Final\hibernate-jpa-2.1-api-1.0.0.Final.jar;C:\Utilisateurs\a548104\.m2\repository\com\mysema\querydsl\querydsl-core\2.3.2\querydsl-core-2.3.2.jar;C:\Utilisateurs\a548104\.m2\repository\net\sourceforge\collections\collections-generic\4.01\collections-generic-4.01.jar;C:\Utilisateurs\a548104\.m2\repository\org\apache\commons\commons-lang3\3.0.1\commons-lang3-3.0.1.jar;C:\Utilisateurs\a548104\.m2\repository\com\mysema\commons\mysema-commons-lang\0.2.2\mysema-commons-lang-0.2.2.jar;C:\Utilisateurs\a548104\.m2\repository\com\mysema\codegen\codegen\0.4.7\codegen-0.4.7.jar;C:\Utilisateurs\a548104\.m2\repository\net\sourceforge\findbugs\jsr305\1.3.2\jsr305-1.3.2.jar;C:\Utilisateurs\a548104\.m2\repository\net\sourceforge\findbugs\annotations\1.3.2\annotations-1.3.2.jar;C:\Utilisateurs\a548104\.m2\repository\javax\inject\javax.inject\1\javax.inject-1.jar;C:\Utilisateurs\a548104\.m2\repository\cglib\cglib\2.2\cglib-2.2.jar;C:\Utilisateurs\a548104\.m2\repository\asm\asm\3.1\asm-3.1.jar;C:\Utilisateurs\a548104\.m2\repository\com\mysema\querydsl\querydsl-apt\2.3.2\querydsl-apt-2.3.2.jar;C:\Utilisateurs\a548104\.m2\repository\com\mysema\querydsl\querydsl-jpa\2.3.2\querydsl-jpa-2.3.2.jar;C:\Utilisateurs\a548104\.m2\repository\org\hibernate\javax\persistence\hibernate-jpa-2.0-api\1.0.0.Final\hibernate-jpa-2.0-api-1.0.0.Final.jar;C:\Utilisateurs\a548104\.m2\repository\org\slf4j\slf4j-api\1.6.1\slf4j-api-1.6.1.jar;C:\Utilisateurs\a548104\.m2\repository\net\awl\genericdao\generic-dao\1.0.0\generic-dao-1.0.0.jar;C:\Utilisateurs\a548104\.m2\repository\org\springframework\spring-orm\3.0.5.RELEASE\spring-orm-3.0.5.RELEASE.jar;C:\Utilisateurs\a548104\.m2\repository\org\hibernate\hibernate-entitymanager\3.6.5.Final\hibernate-entitymanager-3.6.5.Final.jar;C:\Utilisateurs\a548104\.m2\repository\org\hibernate\hibernate-core\3.6.5.Final\hibernate-core-3.6.5.Final.jar;C:\Utilisateurs\a548104\.m2\repository\antlr\antlr\2.7.6\antlr-2.7.6.jar;C:\Utilisateurs\a548104\.m2\repository\dom4j\dom4j\1.6.1\dom4j-1.6.1.jar;C:\Utilisateurs\a548104\.m2\repository\org\hibernate\hibernate-commons-annotations\3.2.0.Final\hibernate-commons-annotations-3.2.0.Final.jar;C:\Utilisateurs\a548104\.m2\repository\javax\transaction\jta\1.1\jta-1.1.jar;C:\Utilisateurs\a548104\.m2\repository\javassist\javassist\3.12.0.GA\javassist-3.12.0.GA.jar;"/>
    <property name="java.vm.specification.version" value="1.0"/>
    <property name="sun.arch.data.model" value="64"/>
    <property name="java.home" value="C:\KazanStudio\java6\jre"/>
    <property name="java.specification.vendor" value="Sun Microsystems Inc."/>
    <property name="user.language" value="fr"/>
    <property name="awt.toolkit" value="sun.awt.windows.WToolkit"/>
    <property name="java.vm.info" value="mixed mode"/>
    <property name="java.version" value="1.6.0_24"/>
    <property name="java.ext.dirs" value="C:\KazanStudio\java6\jre\lib\ext;C:\Windows\Sun\Java\lib\ext"/>
    <property name="sun.boot.class.path" value="C:\KazanStudio\java6\jre\lib\resources.jar;C:\KazanStudio\java6\jre\lib\rt.jar;C:\KazanStudio\java6\jre\lib\sunrsasign.jar;C:\KazanStudio\java6\jre\lib\jsse.jar;C:\KazanStudio\java6\jre\lib\jce.jar;C:\KazanStudio\java6\jre\lib\charsets.jar;C:\KazanStudio\java6\jre\lib\modules\jdk.boot.jar;C:\KazanStudio\java6\jre\classes"/>
    <property name="java.vendor" value="Sun Microsystems Inc."/>
    <property name="localRepository" value="C:\Utilisateurs\a548104\.m2\repository"/>
    <property name="file.separator" value="\"/>
    <property name="java.vendor.url.bug" value="http://java.sun.com/cgi-bin/bugreport.cgi"/>
    <property name="sun.cpu.endian" value="little"/>
    <property name="sun.io.unicode.encoding" value="UnicodeLittle"/>
    <property name="sun.desktop" value="windows"/>
    <property name="sun.cpu.isalist" value="amd64"/>
  </properties>
  <testcase time="0.093" classname="com.mkyong.AppTest" name="launchJob">
    <error message="Failed to load ApplicationContext" type="java.lang.IllegalStateException">java.lang.IllegalStateException: Failed to load ApplicationContext
	at org.springframework.test.context.TestContext.getApplicationContext(TestContext.java:157)
	at org.springframework.test.context.support.DependencyInjectionTestExecutionListener.injectDependencies(DependencyInjectionTestExecutionListener.java:109)
	at org.springframework.test.context.support.DependencyInjectionTestExecutionListener.prepareTestInstance(DependencyInjectionTestExecutionListener.java:75)
	at org.springframework.test.context.TestContextManager.prepareTestInstance(TestContextManager.java:313)
	at org.springframework.test.context.junit4.SpringJUnit4ClassRunner.createTest(SpringJUnit4ClassRunner.java:211)
	at org.springframework.test.context.junit4.SpringJUnit4ClassRunner$1.runReflectiveCall(SpringJUnit4ClassRunner.java:288)
	at org.junit.internal.runners.model.ReflectiveCallable.run(ReflectiveCallable.java:12)
	at org.springframework.test.context.junit4.SpringJUnit4ClassRunner.methodBlock(SpringJUnit4ClassRunner.java:284)
	at org.springframework.test.context.junit4.SpringJUnit4ClassRunner.runChild(SpringJUnit4ClassRunner.java:231)
	at org.springframework.test.context.junit4.SpringJUnit4ClassRunner.runChild(SpringJUnit4ClassRunner.java:88)
	at org.junit.runners.ParentRunner$3.run(ParentRunner.java:238)
	at org.junit.runners.ParentRunner$1.schedule(ParentRunner.java:63)
	at org.junit.runners.ParentRunner.runChildren(ParentRunner.java:236)
	at org.junit.runners.ParentRunner.access$000(ParentRunner.java:53)
	at org.junit.runners.ParentRunner$2.evaluate(ParentRunner.java:229)
	at org.springframework.test.context.junit4.statements.RunBeforeTestClassCallbacks.evaluate(RunBeforeTestClassCallbacks.java:61)
	at org.springframework.test.context.junit4.statements.RunAfterTestClassCallbacks.evaluate(RunAfterTestClassCallbacks.java:71)
	at org.junit.runners.ParentRunner.run(ParentRunner.java:309)
	at org.springframework.test.context.junit4.SpringJUnit4ClassRunner.run(SpringJUnit4ClassRunner.java:174)
	at org.apache.maven.surefire.junit4.JUnit4TestSet.execute(JUnit4TestSet.java:35)
	at org.apache.maven.surefire.junit4.JUnit4Provider.executeTestSet(JUnit4Provider.java:115)
	at org.apache.maven.surefire.junit4.JUnit4Provider.invoke(JUnit4Provider.java:97)
	at sun.reflect.NativeMethodAccessorImpl.invoke0(Native Method)
	at sun.reflect.NativeMethodAccessorImpl.invoke(NativeMethodAccessorImpl.java:39)
	at sun.reflect.DelegatingMethodAccessorImpl.invoke(DelegatingMethodAccessorImpl.java:25)
	at java.lang.reflect.Method.invoke(Method.java:597)
	at org.apache.maven.surefire.booter.ProviderFactory$ClassLoaderProxy.invoke(ProviderFactory.java:103)
	at $Proxy0.invoke(Unknown Source)
	at org.apache.maven.surefire.booter.SurefireStarter.invokeProvider(SurefireStarter.java:150)
	at org.apache.maven.surefire.booter.SurefireStarter.runSuitesInProcess(SurefireStarter.java:91)
	at org.apache.maven.surefire.booter.ForkedBooter.main(ForkedBooter.java:69)
Caused by: org.springframework.beans.factory.BeanDefinitionStoreException: IOException parsing XML document from class path resource [spring/batch/jobs/job-report.xml]; nested exception is java.io.FileNotFoundException: class path resource [spring/batch/jobs/job-report.xml] cannot be opened because it does not exist
	at org.springframework.beans.factory.xml.XmlBeanDefinitionReader.loadBeanDefinitions(XmlBeanDefinitionReader.java:341)
	at org.springframework.beans.factory.xml.XmlBeanDefinitionReader.loadBeanDefinitions(XmlBeanDefinitionReader.java:302)
	at org.springframework.beans.factory.support.AbstractBeanDefinitionReader.loadBeanDefinitions(AbstractBeanDefinitionReader.java:174)
	at org.springframework.beans.factory.support.AbstractBeanDefinitionReader.loadBeanDefinitions(AbstractBeanDefinitionReader.java:209)
	at org.springframework.beans.factory.support.AbstractBeanDefinitionReader.loadBeanDefinitions(AbstractBeanDefinitionReader.java:180)
	at org.springframework.beans.factory.support.AbstractBeanDefinitionReader.loadBeanDefinitions(AbstractBeanDefinitionReader.java:243)
	at org.springframework.test.context.support.AbstractGenericContextLoader.loadBeanDefinitions(AbstractGenericContextLoader.java:219)
	at org.springframework.test.context.support.AbstractGenericContextLoader.loadContext(AbstractGenericContextLoader.java:103)
	at org.springframework.test.context.support.AbstractGenericContextLoader.loadContext(AbstractGenericContextLoader.java:57)
	at org.springframework.test.context.support.AbstractDelegatingSmartContextLoader.delegateLoading(AbstractDelegatingSmartContextLoader.java:100)
	at org.springframework.test.context.support.AbstractDelegatingSmartContextLoader.loadContext(AbstractDelegatingSmartContextLoader.java:248)
	at org.springframework.test.context.TestContext.loadApplicationContext(TestContext.java:124)
	at org.springframework.test.context.TestContext.getApplicationContext(TestContext.java:148)
	... 30 more
Caused by: java.io.FileNotFoundException: class path resource [spring/batch/jobs/job-report.xml] cannot be opened because it does not exist
	at org.springframework.core.io.ClassPathResource.getInputStream(ClassPathResource.java:157)
	at org.springframework.beans.factory.xml.XmlBeanDefinitionReader.loadBeanDefinitions(XmlBeanDefinitionReader.java:328)
	... 42 more
</error>
    <system-out>@HL
@HL-------------------------------------------------------
@HL T E S T S
@HL-------------------------------------------------------
@SLRunning com.mkyong.AppTest
</system-out>
    <system-err>13 nov. 2014 11:34:23 org.springframework.beans.factory.xml.XmlBeanDefinitionReader loadBeanDefinitions
INFO: Loading XML bean definitions from class path resource [spring/batch/jobs/job-report.xml]
13 nov. 2014 11:34:23 org.springframework.test.context.TestContextManager prepareTestInstance
GRAVE: Caught exception while allowing TestExecutionListener [org.springframework.test.context.support.DependencyInjectionTestExecutionListener@1f25fefa] to prepare test instance [com.mkyong.AppTest@7786df0f]
java.lang.IllegalStateException: Failed to load ApplicationContext
	at org.springframework.test.context.TestContext.getApplicationContext(TestContext.java:157)
	at org.springframework.test.context.support.DependencyInjectionTestExecutionListener.injectDependencies(DependencyInjectionTestExecutionListener.java:109)
	at org.springframework.test.context.support.DependencyInjectionTestExecutionListener.prepareTestInstance(DependencyInjectionTestExecutionListener.java:75)
	at org.springframework.test.context.TestContextManager.prepareTestInstance(TestContextManager.java:313)
	at org.springframework.test.context.junit4.SpringJUnit4ClassRunner.createTest(SpringJUnit4ClassRunner.java:211)
	at org.springframework.test.context.junit4.SpringJUnit4ClassRunner$1.runReflectiveCall(SpringJUnit4ClassRunner.java:288)
	at org.junit.internal.runners.model.ReflectiveCallable.run(ReflectiveCallable.java:12)
	at org.springframework.test.context.junit4.SpringJUnit4ClassRunner.methodBlock(SpringJUnit4ClassRunner.java:284)
	at org.springframework.test.context.junit4.SpringJUnit4ClassRunner.runChild(SpringJUnit4ClassRunner.java:231)
	at org.springframework.test.context.junit4.SpringJUnit4ClassRunner.runChild(SpringJUnit4ClassRunner.java:88)
	at org.junit.runners.ParentRunner$3.run(ParentRunner.java:238)
	at org.junit.runners.ParentRunner$1.schedule(ParentRunner.java:63)
	at org.junit.runners.ParentRunner.runChildren(ParentRunner.java:236)
	at org.junit.runners.ParentRunner.access$000(ParentRunner.java:53)
	at org.junit.runners.ParentRunner$2.evaluate(ParentRunner.java:229)
	at org.springframework.test.context.junit4.statements.RunBeforeTestClassCallbacks.evaluate(RunBeforeTestClassCallbacks.java:61)
	at org.springframework.test.context.junit4.statements.RunAfterTestClassCallbacks.evaluate(RunAfterTestClassCallbacks.java:71)
	at org.junit.runners.ParentRunner.run(ParentRunner.java:309)
	at org.springframework.test.context.junit4.SpringJUnit4ClassRunner.run(SpringJUnit4ClassRunner.java:174)
	at org.apache.maven.surefire.junit4.JUnit4TestSet.execute(JUnit4TestSet.java:35)
	at org.apache.maven.surefire.junit4.JUnit4Provider.executeTestSet(JUnit4Provider.java:115)
	at org.apache.maven.surefire.junit4.JUnit4Provider.invoke(JUnit4Provider.java:97)
	at sun.reflect.NativeMethodAccessorImpl.invoke0(Native Method)
	at sun.reflect.NativeMethodAccessorImpl.invoke(NativeMethodAccessorImpl.java:39)
	at sun.reflect.DelegatingMethodAccessorImpl.invoke(DelegatingMethodAccessorImpl.java:25)
	at java.lang.reflect.Method.invoke(Method.java:597)
	at org.apache.maven.surefire.booter.ProviderFactory$ClassLoaderProxy.invoke(ProviderFactory.java:103)
	at $Proxy0.invoke(Unknown Source)
	at org.apache.maven.surefire.booter.SurefireStarter.invokeProvider(SurefireStarter.java:150)
	at org.apache.maven.surefire.booter.SurefireStarter.runSuitesInProcess(SurefireStarter.java:91)
	at org.apache.maven.surefire.booter.ForkedBooter.main(ForkedBooter.java:69)
Caused by: org.springframework.beans.factory.BeanDefinitionStoreException: IOException parsing XML document from class path resource [spring/batch/jobs/job-report.xml]; nested exception is java.io.FileNotFoundException: class path resource [spring/batch/jobs/job-report.xml] cannot be opened because it does not exist
	at org.springframework.beans.factory.xml.XmlBeanDefinitionReader.loadBeanDefinitions(XmlBeanDefinitionReader.java:341)
	at org.springframework.beans.factory.xml.XmlBeanDefinitionReader.loadBeanDefinitions(XmlBeanDefinitionReader.java:302)
	at org.springframework.beans.factory.support.AbstractBeanDefinitionReader.loadBeanDefinitions(AbstractBeanDefinitionReader.java:174)
	at org.springframework.beans.factory.support.AbstractBeanDefinitionReader.loadBeanDefinitions(AbstractBeanDefinitionReader.java:209)
	at org.springframework.beans.factory.support.AbstractBeanDefinitionReader.loadBeanDefinitions(AbstractBeanDefinitionReader.java:180)
	at org.springframework.beans.factory.support.AbstractBeanDefinitionReader.loadBeanDefinitions(AbstractBeanDefinitionReader.java:243)
	at org.springframework.test.context.support.AbstractGenericContextLoader.loadBeanDefinitions(AbstractGenericContextLoader.java:219)
	at org.springframework.test.context.support.AbstractGenericContextLoader.loadContext(AbstractGenericContextLoader.java:103)
	at org.springframework.test.context.support.AbstractGenericContextLoader.loadContext(AbstractGenericContextLoader.java:57)
	at org.springframework.test.context.support.AbstractDelegatingSmartContextLoader.delegateLoading(AbstractDelegatingSmartContextLoader.java:100)
	at org.springframework.test.context.support.AbstractDelegatingSmartContextLoader.loadContext(AbstractDelegatingSmartContextLoader.java:248)
	at org.springframework.test.context.TestContext.loadApplicationContext(TestContext.java:124)
	at org.springframework.test.context.TestContext.getApplicationContext(TestContext.java:148)
	... 30 more
Caused by: java.io.FileNotFoundException: class path resource [spring/batch/jobs/job-report.xml] cannot be opened because it does not exist
	at org.springframework.core.io.ClassPathResource.getInputStream(ClassPathResource.java:157)
	at org.springframework.beans.factory.xml.XmlBeanDefinitionReader.loadBeanDefinitions(XmlBeanDefinitionReader.java:328)
	... 42 more
</system-err>
  </testcase>
</testsuite>